DEBUG:root:Connecting to PostgreSQL
DEBUG:root:Database connection established.
INFO:root:Constructing parser
DEBUG:root:Constructing put subparser
DEBUG:root:Constructing get subparser
INFO:root:Storing snippet 'Test': 'This is a test snippet'
DEBUG:root:Snippet stored successfully.
DEBUG:root:Connecting to PostgreSQL
DEBUG:root:Database connection established.
INFO:root:Constructing parser
DEBUG:root:Constructing put subparser
DEBUG:root:Constructing get subparser
ERROR:root:FIXME: Unimplemented - get('Test')
DEBUG:root:Connecting to PostgreSQL
DEBUG:root:Database connection established.
INFO:root:Constructing parser
DEBUG:root:Constructing put subparser
DEBUG:root:Constructing get subparser
DEBUG:root:Connecting to PostgreSQL
DEBUG:root:Database connection established.
INFO:root:Constructing parser
DEBUG:root:Constructing put subparser
DEBUG:root:Constructing get subparser
INFO:root:Retrieving snippet 'Test'
DEBUG:root:Snippet retrieved successfully.
DEBUG:root:Connecting to PostgreSQL
DEBUG:root:Database connection established.
INFO:root:Constructing parser
DEBUG:root:Constructing put subparser
DEBUG:root:Constructing get subparser
DEBUG:root:Connecting to PostgreSQL
DEBUG:root:Database connection established.
INFO:root:Constructing parser
DEBUG:root:Constructing put subparser
DEBUG:root:Constructing get subparser
INFO:root:Retrieving snippet 'Test'
DEBUG:root:Snippet retrieved successfully.
DEBUG:root:Connecting to PostgreSQL
DEBUG:root:Database connection established.
INFO:root:Constructing parser
DEBUG:root:Constructing put subparser
DEBUG:root:Constructing get subparser
DEBUG:root:Connecting to PostgreSQL
DEBUG:root:Database connection established.
INFO:root:Constructing parser
DEBUG:root:Constructing put subparser
DEBUG:root:Constructing get subparser
INFO:root:Retrieving snippet 'Test'
DEBUG:root:Snippet retrieved successfully.
DEBUG:root:Connecting to PostgreSQL
DEBUG:root:Database connection established.
INFO:root:Constructing parser
DEBUG:root:Constructing put subparser
DEBUG:root:Constructing get subparser
DEBUG:root:Connecting to PostgreSQL
DEBUG:root:Database connection established.
INFO:root:Constructing parser
DEBUG:root:Constructing put subparser
DEBUG:root:Constructing get subparser
INFO:root:Retrieving snippet 'Test'
DEBUG:root:Connecting to PostgreSQL
DEBUG:root:Database connection established.
INFO:root:Constructing parser
DEBUG:root:Constructing put subparser
DEBUG:root:Constructing get subparser
DEBUG:root:Connecting to PostgreSQL
DEBUG:root:Database connection established.
INFO:root:Constructing parser
DEBUG:root:Constructing put subparser
DEBUG:root:Constructing get subparser
INFO:root:Retrieving snippet 'Test'
DEBUG:root:Snippet retrieved successfully.
DEBUG:root:Connecting to PostgreSQL
DEBUG:root:Database connection established.
INFO:root:Constructing parser
DEBUG:root:Constructing put subparser
DEBUG:root:Constructing get subparser
DEBUG:root:Connecting to PostgreSQL
DEBUG:root:Database connection established.
INFO:root:Constructing parser
DEBUG:root:Constructing put subparser
DEBUG:root:Constructing get subparser
INFO:root:Retrieving snippet 'Test'
DEBUG:root:Connecting to PostgreSQL
DEBUG:root:Database connection established.
INFO:root:Constructing parser
DEBUG:root:Constructing put subparser
DEBUG:root:Constructing get subparser
DEBUG:root:Connecting to PostgreSQL
DEBUG:root:Database connection established.
INFO:root:Constructing parser
DEBUG:root:Constructing put subparser
DEBUG:root:Constructing get subparser
INFO:root:Retrieving snippet 'Test'
DEBUG:root:Connecting to PostgreSQL
DEBUG:root:Database connection established.
INFO:root:Constructing parser
DEBUG:root:Constructing put subparser
DEBUG:root:Constructing get subparser
DEBUG:root:Connecting to PostgreSQL
DEBUG:root:Database connection established.
INFO:root:Constructing parser
DEBUG:root:Constructing put subparser
DEBUG:root:Constructing get subparser
INFO:root:Retrieving snippet 'Test'
DEBUG:root:Snippet retrieved successfully.
DEBUG:root:Connecting to PostgreSQL
DEBUG:root:Database connection established.
INFO:root:Constructing parser
DEBUG:root:Constructing put subparser
DEBUG:root:Constructing get subparser
DEBUG:root:Connecting to PostgreSQL
DEBUG:root:Database connection established.
INFO:root:Constructing parser
DEBUG:root:Constructing put subparser
DEBUG:root:Constructing get subparser
INFO:root:Retrieving snippet 'Test'
DEBUG:root:Snippet retrieved successfully.
DEBUG:root:Connecting to PostgreSQL
DEBUG:root:Database connection established.
INFO:root:Constructing parser
DEBUG:root:Constructing put subparser
DEBUG:root:Constructing get subparser
DEBUG:root:Connecting to PostgreSQL
DEBUG:root:Database connection established.
INFO:root:Constructing parser
DEBUG:root:Constructing put subparser
DEBUG:root:Constructing get subparser
INFO:root:Retrieving snippet 'Test'
DEBUG:root:Snippet retrieved successfully.
DEBUG:root:Connecting to PostgreSQL
DEBUG:root:Database connection established.
INFO:root:Constructing parser
DEBUG:root:Constructing put subparser
DEBUG:root:Constructing get subparser
DEBUG:root:Connecting to PostgreSQL
DEBUG:root:Database connection established.
INFO:root:Constructing parser
DEBUG:root:Constructing put subparser
DEBUG:root:Constructing get subparser
INFO:root:Retrieving snippet 'Test'
DEBUG:root:Connecting to PostgreSQL
DEBUG:root:Database connection established.
INFO:root:Constructing parser
DEBUG:root:Constructing put subparser
DEBUG:root:Constructing get subparser
DEBUG:root:Connecting to PostgreSQL
DEBUG:root:Database connection established.
INFO:root:Constructing parser
DEBUG:root:Constructing put subparser
DEBUG:root:Constructing get subparser
INFO:root:Retrieving snippet 'Test'
DEBUG:root:Snippet retrieved successfully.
DEBUG:root:Connecting to PostgreSQL
DEBUG:root:Database connection established.
INFO:root:Constructing parser
DEBUG:root:Constructing put subparser
DEBUG:root:Constructing get subparser
DEBUG:root:Connecting to PostgreSQL
DEBUG:root:Database connection established.
INFO:root:Constructing parser
DEBUG:root:Constructing put subparser
DEBUG:root:Constructing get subparser
INFO:root:Retrieving snippet 'sup'
DEBUG:root:Snippet retrieved successfully.
DEBUG:root:Connecting to PostgreSQL
DEBUG:root:Database connection established.
INFO:root:Constructing parser
DEBUG:root:Constructing put subparser
DEBUG:root:Constructing get subparser
INFO:root:Storing snippet 'sup': 'informal greeting'
DEBUG:root:Snippet stored successfully.
DEBUG:root:Connecting to PostgreSQL
DEBUG:root:Database connection established.
INFO:root:Constructing parser
DEBUG:root:Constructing put subparser
DEBUG:root:Constructing get subparser
INFO:root:Retrieving snippet 'sup'
DEBUG:root:Snippet retrieved successfully.
DEBUG:root:Connecting to PostgreSQL
DEBUG:root:Database connection established.
INFO:root:Constructing parser
DEBUG:root:Constructing put subparser
DEBUG:root:Constructing get subparser
INFO:root:Retrieving snippet 'Test'
DEBUG:root:Snippet retrieved successfully.
DEBUG:root:Connecting to PostgreSQL
DEBUG:root:Database connection established.
INFO:root:Constructing parser
DEBUG:root:Constructing put subparser
DEBUG:root:Constructing get subparser
DEBUG:root:Connecting to PostgreSQL
DEBUG:root:Database connection established.
INFO:root:Constructing parser
DEBUG:root:Constructing put subparser
DEBUG:root:Constructing get subparser
INFO:root:Retrieving snippet 'Test'
DEBUG:root:Snippet retrieved successfully.
DEBUG:root:Connecting to PostgreSQL
DEBUG:root:Database connection established.
INFO:root:Constructing parser
DEBUG:root:Constructing put subparser
DEBUG:root:Constructing get subparser
DEBUG:root:Connecting to PostgreSQL
DEBUG:root:Database connection established.
INFO:root:Constructing parser
DEBUG:root:Constructing put subparser
DEBUG:root:Constructing get subparser
INFO:root:Retrieving snippet 'Test'
DEBUG:root:Snippet retrieved successfully.
DEBUG:root:Connecting to PostgreSQL
DEBUG:root:Database connection established.
INFO:root:Constructing parser
DEBUG:root:Constructing put subparser
DEBUG:root:Constructing get subparser
INFO:root:Retrieving snippet 'Tes'
DEBUG:root:Snippet retrieved successfully.
DEBUG:root:Connecting to PostgreSQL
DEBUG:root:Database connection established.
INFO:root:Constructing parser
DEBUG:root:Constructing put subparser
DEBUG:root:Constructing get subparser
DEBUG:root:Connecting to PostgreSQL
DEBUG:root:Database connection established.
INFO:root:Constructing parser
DEBUG:root:Constructing put subparser
DEBUG:root:Constructing get subparser
INFO:root:Retrieving snippet 'Tes'
DEBUG:root:Snippet retrieved successfully.
DEBUG:root:That keyword doesn't exist
DEBUG:root:Connecting to PostgreSQL
DEBUG:root:Database connection established.
INFO:root:Constructing parser
DEBUG:root:Constructing put subparser
DEBUG:root:Constructing get subparser
DEBUG:root:Connecting to PostgreSQL
DEBUG:root:Database connection established.
INFO:root:Constructing parser
DEBUG:root:Constructing put subparser
DEBUG:root:Constructing get subparser
INFO:root:Retrieving snippet 'Test'
DEBUG:root:Snippet retrieved successfully.
DEBUG:root:Connecting to PostgreSQL
DEBUG:root:Database connection established.
INFO:root:Constructing parser
DEBUG:root:Constructing put subparser
DEBUG:root:Constructing get subparser
INFO:root:Retrieving snippet 'Tes'
DEBUG:root:Snippet retrieved successfully.
DEBUG:root:That keyword doesn't exist
DEBUG:root:Connecting to PostgreSQL
DEBUG:root:Database connection established.
INFO:root:Constructing parser
DEBUG:root:Constructing put subparser
DEBUG:root:Constructing get subparser
DEBUG:root:Connecting to PostgreSQL
DEBUG:root:Database connection established.
INFO:root:Constructing parser
DEBUG:root:Constructing put subparser
DEBUG:root:Constructing get subparser
DEBUG:root:Connecting to PostgreSQL
DEBUG:root:Database connection established.
INFO:root:Constructing parser
DEBUG:root:Constructing put subparser
DEBUG:root:Constructing get subparser
INFO:root:Storing snippet 'Test': 'testin it out'
DEBUG:root:Connecting to PostgreSQL
DEBUG:root:Database connection established.
INFO:root:Constructing parser
DEBUG:root:Constructing put subparser
DEBUG:root:Constructing get subparser
DEBUG:root:Connecting to PostgreSQL
DEBUG:root:Database connection established.
INFO:root:Constructing parser
DEBUG:root:Constructing put subparser
DEBUG:root:Constructing get subparser
INFO:root:Storing snippet 'Test': 'Testin it out'
DEBUG:root:Snippet stored successfully.
DEBUG:root:Connecting to PostgreSQL
DEBUG:root:Database connection established.
INFO:root:Constructing parser
DEBUG:root:Constructing put subparser
DEBUG:root:Constructing get subparser
INFO:root:Storing snippet 'Test': 'testin again'
DEBUG:root:Snippet stored successfully.
DEBUG:root:Connecting to PostgreSQL
DEBUG:root:Database connection established.
INFO:root:Constructing parser
DEBUG:root:Constructing put subparser
DEBUG:root:Constructing get subparser
DEBUG:root:Connecting to PostgreSQL
DEBUG:root:Database connection established.
INFO:root:Constructing parser
DEBUG:root:Constructing put subparser
DEBUG:root:Constructing get subparser
INFO:root:Storing snippet 'Test': 'Testin it out'
DEBUG:root:Snippet stored successfully.
DEBUG:root:Connecting to PostgreSQL
DEBUG:root:Database connection established.
INFO:root:Constructing parser
DEBUG:root:Constructing put subparser
DEBUG:root:Constructing get subparser
INFO:root:Storing snippet 'Test': 'Testin it out part 2'
DEBUG:root:Snippet stored successfully.
DEBUG:root:Connecting to PostgreSQL
DEBUG:root:Database connection established.
INFO:root:Constructing parser
DEBUG:root:Constructing put subparser
DEBUG:root:Constructing get subparser
INFO:root:Retrieving snippet 'Test'
DEBUG:root:Snippet retrieved successfully.
DEBUG:root:Connecting to PostgreSQL
DEBUG:root:Database connection established.
INFO:root:Constructing parser
DEBUG:root:Constructing put subparser
DEBUG:root:Constructing get subparser
INFO:root:Storing snippet 'sup': 'supp brah'
DEBUG:root:Snippet stored successfully.
DEBUG:root:Connecting to PostgreSQL
DEBUG:root:Database connection established.
INFO:root:Constructing parser
DEBUG:root:Constructing put subparser
DEBUG:root:Constructing get subparser
INFO:root:Retrieving snippet 'Test'
DEBUG:root:Snippet retrieved successfully.
DEBUG:root:Connecting to PostgreSQL
DEBUG:root:Database connection established.
INFO:root:Constructing parser
DEBUG:root:Constructing put subparser
DEBUG:root:Constructing get subparser
INFO:root:Storing snippet 'Test': 'Testin it out part 3'
DEBUG:root:Snippet stored successfully.
DEBUG:root:Connecting to PostgreSQL
DEBUG:root:Database connection established.
INFO:root:Constructing parser
DEBUG:root:Constructing put subparser
DEBUG:root:Constructing get subparser
INFO:root:Retrieving snippet 'sup'
DEBUG:root:Snippet retrieved successfully.
DEBUG:root:Connecting to PostgreSQL
DEBUG:root:Database connection established.
INFO:root:Constructing parser
DEBUG:root:Constructing put subparser
DEBUG:root:Constructing get subparser
INFO:root:Retrieving snippet 'Test'
DEBUG:root:Snippet retrieved successfully.
DEBUG:root:Connecting to PostgreSQL
DEBUG:root:Database connection established.
INFO:root:Constructing parser
DEBUG:root:Constructing put subparser
DEBUG:root:Constructing get subparser
DEBUG:root:Connecting to PostgreSQL
DEBUG:root:Database connection established.
INFO:root:Constructing parser
DEBUG:root:Constructing put subparser
DEBUG:root:Constructing get subparser
INFO:root:Retrieving snippet 'Test'
DEBUG:root:Snippet retrieved successfully.
DEBUG:root:Connecting to PostgreSQL
DEBUG:root:Database connection established.
INFO:root:Constructing parser
DEBUG:root:Constructing put subparser
DEBUG:root:Constructing get subparser
INFO:root:Retrieving snippet 'Test'
DEBUG:root:Snippet retrieved successfully.
DEBUG:root:Connecting to PostgreSQL
DEBUG:root:Database connection established.
INFO:root:Constructing parser
DEBUG:root:Constructing put subparser
DEBUG:root:Constructing get subparser
DEBUG:root:Connecting to PostgreSQL
DEBUG:root:Database connection established.
INFO:root:Constructing parser
DEBUG:root:Constructing put subparser
DEBUG:root:Constructing get subparser
INFO:root:Retrieving snippet 'Test'
DEBUG:root:Snippet retrieved successfully.
DEBUG:root:Connecting to PostgreSQL
DEBUG:root:Database connection established.
INFO:root:Constructing parser
DEBUG:root:Constructing put subparser
DEBUG:root:Constructing get subparser
DEBUG:root:Connecting to PostgreSQL
DEBUG:root:Database connection established.
INFO:root:Constructing parser
DEBUG:root:Constructing put subparser
DEBUG:root:Constructing get subparser
INFO:root:Retrieving snippet 'Test'
DEBUG:root:Snippet retrieved successfully.
DEBUG:root:Connecting to PostgreSQL
DEBUG:root:Database connection established.
INFO:root:Constructing parser
DEBUG:root:Constructing put subparser
DEBUG:root:Constructing get subparser
INFO:root:Storing snippet 'Yo': 'another informal greeting'
DEBUG:root:Connecting to PostgreSQL
DEBUG:root:Database connection established.
INFO:root:Constructing parser
DEBUG:root:Constructing put subparser
DEBUG:root:Constructing get subparser
INFO:root:Storing snippet 'Test': 'Testin it out part 3'
DEBUG:root:Connecting to PostgreSQL
DEBUG:root:Database connection established.
INFO:root:Constructing parser
DEBUG:root:Constructing put subparser
DEBUG:root:Constructing get subparser
DEBUG:root:Connecting to PostgreSQL
DEBUG:root:Database connection established.
INFO:root:Constructing parser
DEBUG:root:Constructing put subparser
DEBUG:root:Constructing get subparser
INFO:root:Storing snippet 'Test': 'Testin it out part 3'
DEBUG:root:Connecting to PostgreSQL
DEBUG:root:Database connection established.
INFO:root:Constructing parser
DEBUG:root:Constructing put subparser
DEBUG:root:Constructing get subparser
DEBUG:root:Connecting to PostgreSQL
DEBUG:root:Database connection established.
INFO:root:Constructing parser
DEBUG:root:Constructing put subparser
DEBUG:root:Constructing get subparser
INFO:root:Storing snippet 'Test': 'Testin it out part 3'
DEBUG:root:Snippet stored successfully.
DEBUG:root:Connecting to PostgreSQL
DEBUG:root:Database connection established.
INFO:root:Constructing parser
DEBUG:root:Constructing put subparser
DEBUG:root:Constructing get subparser
INFO:root:Storing snippet 'Yo': 'Another informal greeting'
DEBUG:root:Snippet stored successfully.
DEBUG:root:Connecting to PostgreSQL
DEBUG:root:Database connection established.
INFO:root:Constructing parser
DEBUG:root:Constructing put subparser
DEBUG:root:Constructing get subparser
INFO:root:Retrieving snippet 'Yp'
DEBUG:root:Snippet retrieved successfully.
DEBUG:root:That keyword doesn't exist
DEBUG:root:Connecting to PostgreSQL
DEBUG:root:Database connection established.
INFO:root:Constructing parser
DEBUG:root:Constructing put subparser
DEBUG:root:Constructing get subparser
INFO:root:Retrieving snippet 'Yo'
DEBUG:root:Snippet retrieved successfully.
DEBUG:root:Connecting to PostgreSQL
DEBUG:root:Database connection established.
INFO:root:Constructing parser
DEBUG:root:Constructing put subparser
DEBUG:root:Constructing get subparser
DEBUG:root:Connecting to PostgreSQL
DEBUG:root:Database connection established.
INFO:root:Constructing parser
DEBUG:root:Constructing put subparser
DEBUG:root:Constructing get subparser
INFO:root:Storing snippet 'Hola': 'Spanish greeting'
DEBUG:root:Snippet stored successfully.
DEBUG:root:Connecting to PostgreSQL
DEBUG:root:Database connection established.
INFO:root:Constructing parser
DEBUG:root:Constructing put subparser
DEBUG:root:Constructing get subparser
DEBUG:root:Connecting to PostgreSQL
DEBUG:root:Database connection established.
INFO:root:Constructing parser
DEBUG:root:Constructing put subparser
DEBUG:root:Constructing get subparser
DEBUG:root:Constructing get subparser
DEBUG:root:Connecting to PostgreSQL
DEBUG:root:Database connection established.
INFO:root:Constructing parser
DEBUG:root:Constructing put subparser
DEBUG:root:Constructing get subparser
DEBUG:root:Constructing get subparser
INFO:root:Storing snippet 'Hola': 'Spanish greeting'
DEBUG:root:Snippet stored successfully.
DEBUG:root:Connecting to PostgreSQL
DEBUG:root:Database connection established.
INFO:root:Constructing parser
DEBUG:root:Constructing put subparser
DEBUG:root:Constructing get subparser
DEBUG:root:Constructing get subparser
DEBUG:root:Connecting to PostgreSQL
DEBUG:root:Database connection established.
INFO:root:Constructing parser
DEBUG:root:Constructing put subparser
DEBUG:root:Constructing get subparser
DEBUG:root:Constructing get subparser
DEBUG:root:Connecting to PostgreSQL
DEBUG:root:Database connection established.
INFO:root:Constructing parser
DEBUG:root:Constructing put subparser
DEBUG:root:Constructing get subparser
DEBUG:root:Constructing get subparser
DEBUG:root:Connecting to PostgreSQL
DEBUG:root:Database connection established.
INFO:root:Constructing parser
DEBUG:root:Constructing put subparser
DEBUG:root:Constructing get subparser
DEBUG:root:Constructing get subparser
DEBUG:root:Connecting to PostgreSQL
DEBUG:root:Database connection established.
INFO:root:Constructing parser
DEBUG:root:Constructing put subparser
DEBUG:root:Constructing get subparser
DEBUG:root:Constructing get subparser
INFO:root:Retrieving all the keywords: {!r}
DEBUG:root:Connecting to PostgreSQL
DEBUG:root:Database connection established.
INFO:root:Constructing parser
DEBUG:root:Constructing put subparser
DEBUG:root:Constructing get subparser
DEBUG:root:Constructing get subparser
DEBUG:root:Connecting to PostgreSQL
DEBUG:root:Database connection established.
INFO:root:Constructing parser
DEBUG:root:Constructing put subparser
DEBUG:root:Constructing get subparser
DEBUG:root:Constructing get subparser
INFO:root:Retrieving all the keywords: {!r}
DEBUG:root:Snippet retrieved successfully.
DEBUG:root:Connecting to PostgreSQL
DEBUG:root:Database connection established.
INFO:root:Constructing parser
DEBUG:root:Constructing put subparser
DEBUG:root:Constructing get subparser
DEBUG:root:Constructing get subparser
DEBUG:root:Connecting to PostgreSQL
DEBUG:root:Database connection established.
INFO:root:Constructing parser
DEBUG:root:Constructing put subparser
DEBUG:root:Constructing get subparser
DEBUG:root:Constructing get subparser
INFO:root:Retrieving all the keywords: {!r}
DEBUG:root:Snippet retrieved successfully.
DEBUG:root:Connecting to PostgreSQL
DEBUG:root:Database connection established.
INFO:root:Constructing parser
DEBUG:root:Constructing put subparser
DEBUG:root:Constructing get subparser
DEBUG:root:Constructing get subparser
DEBUG:root:Connecting to PostgreSQL
DEBUG:root:Database connection established.
INFO:root:Constructing parser
DEBUG:root:Constructing put subparser
DEBUG:root:Constructing get subparser
DEBUG:root:Constructing get subparser
INFO:root:Retrieving all the keywords: {!r}
DEBUG:root:Connecting to PostgreSQL
DEBUG:root:Database connection established.
INFO:root:Constructing parser
DEBUG:root:Constructing put subparser
DEBUG:root:Constructing get subparser
DEBUG:root:Constructing get subparser
DEBUG:root:Connecting to PostgreSQL
DEBUG:root:Database connection established.
INFO:root:Constructing parser
DEBUG:root:Constructing put subparser
DEBUG:root:Constructing get subparser
DEBUG:root:Constructing get subparser
INFO:root:Retrieving all the keywords: {!r}
DEBUG:root:Snippet retrieved successfully.
DEBUG:root:Connecting to PostgreSQL
DEBUG:root:Database connection established.
INFO:root:Constructing parser
DEBUG:root:Constructing put subparser
DEBUG:root:Constructing get subparser
DEBUG:root:Constructing get subparser
DEBUG:root:Connecting to PostgreSQL
DEBUG:root:Database connection established.
INFO:root:Constructing parser
DEBUG:root:Constructing put subparser
DEBUG:root:Constructing get subparser
DEBUG:root:Constructing get subparser
INFO:root:Retrieving all the keywords: {!r}
DEBUG:root:Snippet retrieved successfully.
DEBUG:root:Connecting to PostgreSQL
DEBUG:root:Database connection established.
INFO:root:Constructing parser
DEBUG:root:Constructing put subparser
DEBUG:root:Constructing get subparser
DEBUG:root:Constructing catalog subparser
DEBUG:root:Constructing like subparser
DEBUG:root:Connecting to PostgreSQL
DEBUG:root:Database connection established.
INFO:root:Constructing parser
DEBUG:root:Constructing put subparser
DEBUG:root:Constructing get subparser
DEBUG:root:Constructing catalog subparser
DEBUG:root:Constructing like subparser
INFO:root:Retrieving all the keywords: {!r}
DEBUG:root:Snippet retrieved successfully.
DEBUG:root:Connecting to PostgreSQL
DEBUG:root:Database connection established.
INFO:root:Constructing parser
DEBUG:root:Constructing put subparser
DEBUG:root:Constructing get subparser
DEBUG:root:Constructing catalog subparser
DEBUG:root:Constructing like subparser
DEBUG:root:Connecting to PostgreSQL
DEBUG:root:Database connection established.
INFO:root:Constructing parser
DEBUG:root:Constructing put subparser
DEBUG:root:Constructing get subparser
DEBUG:root:Constructing catalog subparser
DEBUG:root:Constructing like subparser
DEBUG:root:Connecting to PostgreSQL
DEBUG:root:Database connection established.
INFO:root:Constructing parser
DEBUG:root:Constructing put subparser
DEBUG:root:Constructing get subparser
DEBUG:root:Constructing catalog subparser
DEBUG:root:Constructing like subparser
DEBUG:root:Connecting to PostgreSQL
DEBUG:root:Database connection established.
INFO:root:Constructing parser
DEBUG:root:Constructing put subparser
DEBUG:root:Constructing get subparser
DEBUG:root:Constructing catalog subparser
DEBUG:root:Constructing like subparser
DEBUG:root:Connecting to PostgreSQL
DEBUG:root:Database connection established.
INFO:root:Constructing parser
DEBUG:root:Constructing put subparser
DEBUG:root:Constructing get subparser
DEBUG:root:Constructing catalog subparser
DEBUG:root:Constructing like subparser
DEBUG:root:Connecting to PostgreSQL
DEBUG:root:Database connection established.
INFO:root:Constructing parser
DEBUG:root:Constructing put subparser
DEBUG:root:Constructing get subparser
DEBUG:root:Constructing catalog subparser
DEBUG:root:Constructing like subparser
DEBUG:root:Connecting to PostgreSQL
DEBUG:root:Database connection established.
INFO:root:Constructing parser
DEBUG:root:Constructing put subparser
DEBUG:root:Constructing get subparser
DEBUG:root:Constructing catalog subparser
DEBUG:root:Constructing like subparser
DEBUG:root:Connecting to PostgreSQL
DEBUG:root:Database connection established.
INFO:root:Constructing parser
DEBUG:root:Constructing put subparser
DEBUG:root:Constructing get subparser
DEBUG:root:Constructing catalog subparser
DEBUG:root:Constructing like subparser
DEBUG:root:Connecting to PostgreSQL
DEBUG:root:Database connection established.
INFO:root:Constructing parser
DEBUG:root:Constructing put subparser
DEBUG:root:Constructing get subparser
DEBUG:root:Constructing catalog subparser
DEBUG:root:Constructing like subparser
DEBUG:root:Connecting to PostgreSQL
DEBUG:root:Database connection established.
INFO:root:Constructing parser
DEBUG:root:Constructing put subparser
DEBUG:root:Constructing get subparser
DEBUG:root:Constructing catalog subparser
DEBUG:root:Constructing like subparser
DEBUG:root:Connecting to PostgreSQL
DEBUG:root:Database connection established.
INFO:root:Constructing parser
DEBUG:root:Constructing put subparser
DEBUG:root:Constructing get subparser
DEBUG:root:Constructing catalog subparser
DEBUG:root:Constructing like subparser
DEBUG:root:Connecting to PostgreSQL
DEBUG:root:Database connection established.
INFO:root:Constructing parser
DEBUG:root:Constructing put subparser
DEBUG:root:Constructing get subparser
DEBUG:root:Constructing catalog subparser
DEBUG:root:Constructing like subparser
DEBUG:root:Connecting to PostgreSQL
DEBUG:root:Database connection established.
INFO:root:Constructing parser
DEBUG:root:Constructing put subparser
DEBUG:root:Constructing get subparser
DEBUG:root:Constructing catalog subparser
DEBUG:root:Constructing like subparser
DEBUG:root:Connecting to PostgreSQL
DEBUG:root:Database connection established.
INFO:root:Constructing parser
DEBUG:root:Constructing put subparser
DEBUG:root:Constructing get subparser
DEBUG:root:Constructing catalog subparser
DEBUG:root:Constructing like subparser
DEBUG:root:Connecting to PostgreSQL
DEBUG:root:Database connection established.
INFO:root:Constructing parser
DEBUG:root:Constructing put subparser
DEBUG:root:Constructing get subparser
DEBUG:root:Constructing catalog subparser
DEBUG:root:Constructing like subparser
DEBUG:root:Connecting to PostgreSQL
DEBUG:root:Database connection established.
INFO:root:Constructing parser
DEBUG:root:Constructing put subparser
DEBUG:root:Constructing get subparser
DEBUG:root:Constructing catalog subparser
DEBUG:root:Constructing like subparser
INFO:root:Retrieving all similar snippets: {!r}
DEBUG:root:Connecting to PostgreSQL
DEBUG:root:Database connection established.
INFO:root:Constructing parser
DEBUG:root:Constructing put subparser
DEBUG:root:Constructing get subparser
DEBUG:root:Constructing catalog subparser
DEBUG:root:Constructing like subparser
DEBUG:root:Connecting to PostgreSQL
DEBUG:root:Database connection established.
INFO:root:Constructing parser
DEBUG:root:Constructing put subparser
DEBUG:root:Constructing get subparser
DEBUG:root:Constructing catalog subparser
DEBUG:root:Constructing like subparser
INFO:root:Retrieving all similar snippets: {!r}
DEBUG:root:Snippets retrieved successfully.
DEBUG:root:Connecting to PostgreSQL
DEBUG:root:Database connection established.
INFO:root:Constructing parser
DEBUG:root:Constructing put subparser
DEBUG:root:Constructing get subparser
DEBUG:root:Constructing catalog subparser
DEBUG:root:Constructing like subparser
DEBUG:root:Connecting to PostgreSQL
DEBUG:root:Database connection established.
INFO:root:Constructing parser
DEBUG:root:Constructing put subparser
DEBUG:root:Constructing get subparser
DEBUG:root:Constructing catalog subparser
DEBUG:root:Constructing like subparser
INFO:root:Retrieving all similar snippets: {!r}
DEBUG:root:Connecting to PostgreSQL
DEBUG:root:Database connection established.
INFO:root:Constructing parser
DEBUG:root:Constructing put subparser
DEBUG:root:Constructing get subparser
DEBUG:root:Constructing catalog subparser
DEBUG:root:Constructing like subparser
INFO:root:Retrieving all similar snippets: {!r}
DEBUG:root:Connecting to PostgreSQL
DEBUG:root:Database connection established.
INFO:root:Constructing parser
DEBUG:root:Constructing put subparser
DEBUG:root:Constructing get subparser
DEBUG:root:Constructing catalog subparser
DEBUG:root:Constructing like subparser
DEBUG:root:Connecting to PostgreSQL
DEBUG:root:Database connection established.
INFO:root:Constructing parser
DEBUG:root:Constructing put subparser
DEBUG:root:Constructing get subparser
DEBUG:root:Constructing catalog subparser
DEBUG:root:Constructing like subparser
INFO:root:Retrieving all similar snippets: {!r}
DEBUG:root:Snippets retrieved successfully.
DEBUG:root:Connecting to PostgreSQL
DEBUG:root:Database connection established.
INFO:root:Constructing parser
DEBUG:root:Constructing put subparser
DEBUG:root:Constructing get subparser
DEBUG:root:Constructing catalog subparser
DEBUG:root:Constructing like subparser
DEBUG:root:Connecting to PostgreSQL
DEBUG:root:Database connection established.
INFO:root:Constructing parser
DEBUG:root:Constructing put subparser
DEBUG:root:Constructing get subparser
DEBUG:root:Constructing catalog subparser
DEBUG:root:Constructing like subparser
INFO:root:Retrieving all similar snippets: {!r}
DEBUG:root:Snippets retrieved successfully.
DEBUG:root:Connecting to PostgreSQL
DEBUG:root:Database connection established.
INFO:root:Constructing parser
DEBUG:root:Constructing put subparser
DEBUG:root:Constructing get subparser
DEBUG:root:Constructing catalog subparser
DEBUG:root:Constructing like subparser
DEBUG:root:Connecting to PostgreSQL
DEBUG:root:Database connection established.
INFO:root:Constructing parser
DEBUG:root:Constructing put subparser
DEBUG:root:Constructing get subparser
DEBUG:root:Constructing catalog subparser
DEBUG:root:Constructing like subparser
INFO:root:Retrieving all similar snippets: {!r}
DEBUG:root:Connecting to PostgreSQL
DEBUG:root:Database connection established.
INFO:root:Constructing parser
DEBUG:root:Constructing put subparser
DEBUG:root:Constructing get subparser
DEBUG:root:Constructing catalog subparser
DEBUG:root:Constructing like subparser
DEBUG:root:Connecting to PostgreSQL
DEBUG:root:Database connection established.
INFO:root:Constructing parser
DEBUG:root:Constructing put subparser
DEBUG:root:Constructing get subparser
DEBUG:root:Constructing catalog subparser
DEBUG:root:Constructing like subparser
INFO:root:Retrieving all similar snippets: {!r}
DEBUG:root:Connecting to PostgreSQL
DEBUG:root:Database connection established.
INFO:root:Constructing parser
DEBUG:root:Constructing put subparser
DEBUG:root:Constructing get subparser
DEBUG:root:Constructing catalog subparser
DEBUG:root:Constructing like subparser
DEBUG:root:Connecting to PostgreSQL
DEBUG:root:Database connection established.
INFO:root:Constructing parser
DEBUG:root:Constructing put subparser
DEBUG:root:Constructing get subparser
DEBUG:root:Constructing catalog subparser
DEBUG:root:Constructing like subparser
INFO:root:Retrieving all similar snippets: {!r}
DEBUG:root:Snippets retrieved successfully.
DEBUG:root:Connecting to PostgreSQL
DEBUG:root:Database connection established.
INFO:root:Constructing parser
DEBUG:root:Constructing put subparser
DEBUG:root:Constructing get subparser
DEBUG:root:Constructing catalog subparser
DEBUG:root:Constructing like subparser
DEBUG:root:Connecting to PostgreSQL
DEBUG:root:Database connection established.
INFO:root:Constructing parser
DEBUG:root:Constructing put subparser
DEBUG:root:Constructing get subparser
DEBUG:root:Constructing catalog subparser
DEBUG:root:Constructing like subparser
INFO:root:Retrieving all similar snippets: {!r}
DEBUG:root:Connecting to PostgreSQL
DEBUG:root:Database connection established.
INFO:root:Constructing parser
DEBUG:root:Constructing put subparser
DEBUG:root:Constructing get subparser
DEBUG:root:Constructing catalog subparser
DEBUG:root:Constructing like subparser
DEBUG:root:Connecting to PostgreSQL
DEBUG:root:Database connection established.
INFO:root:Constructing parser
DEBUG:root:Constructing put subparser
DEBUG:root:Constructing get subparser
DEBUG:root:Constructing catalog subparser
DEBUG:root:Constructing like subparser
INFO:root:Retrieving all similar snippets: {!r}
DEBUG:root:Connecting to PostgreSQL
DEBUG:root:Database connection established.
INFO:root:Constructing parser
DEBUG:root:Constructing put subparser
DEBUG:root:Constructing get subparser
DEBUG:root:Constructing catalog subparser
DEBUG:root:Constructing like subparser
DEBUG:root:Connecting to PostgreSQL
DEBUG:root:Database connection established.
INFO:root:Constructing parser
DEBUG:root:Constructing put subparser
DEBUG:root:Constructing get subparser
DEBUG:root:Constructing catalog subparser
DEBUG:root:Constructing like subparser
INFO:root:Retrieving all similar snippets: {!r}
DEBUG:root:Snippets retrieved successfully.
DEBUG:root:That keyword doesn't exist
DEBUG:root:Connecting to PostgreSQL
DEBUG:root:Database connection established.
INFO:root:Constructing parser
DEBUG:root:Constructing put subparser
DEBUG:root:Constructing get subparser
DEBUG:root:Constructing catalog subparser
DEBUG:root:Constructing like subparser
DEBUG:root:Connecting to PostgreSQL
DEBUG:root:Database connection established.
INFO:root:Constructing parser
DEBUG:root:Constructing put subparser
DEBUG:root:Constructing get subparser
DEBUG:root:Constructing catalog subparser
DEBUG:root:Constructing like subparser
INFO:root:Retrieving all similar snippets: {!r}
DEBUG:root:Snippets retrieved successfully.
DEBUG:root:That keyword doesn't exist
DEBUG:root:Connecting to PostgreSQL
DEBUG:root:Database connection established.
INFO:root:Constructing parser
DEBUG:root:Constructing put subparser
DEBUG:root:Constructing get subparser
DEBUG:root:Constructing catalog subparser
DEBUG:root:Constructing like subparser
INFO:root:Retrieving all similar snippets: {!r}
DEBUG:root:Snippets retrieved successfully.
DEBUG:root:Connecting to PostgreSQL
DEBUG:root:Database connection established.
INFO:root:Constructing parser
DEBUG:root:Constructing put subparser
DEBUG:root:Constructing get subparser
DEBUG:root:Constructing catalog subparser
DEBUG:root:Constructing like subparser
DEBUG:root:Connecting to PostgreSQL
DEBUG:root:Database connection established.
INFO:root:Constructing parser
DEBUG:root:Constructing put subparser
DEBUG:root:Constructing get subparser
DEBUG:root:Constructing catalog subparser
DEBUG:root:Constructing like subparser
INFO:root:Retrieving all similar snippets: {!r}
DEBUG:root:Snippets retrieved successfully.
DEBUG:root:Connecting to PostgreSQL
DEBUG:root:Database connection established.
INFO:root:Constructing parser
DEBUG:root:Constructing put subparser
DEBUG:root:Constructing get subparser
DEBUG:root:Constructing catalog subparser
DEBUG:root:Constructing like subparser
DEBUG:root:Connecting to PostgreSQL
DEBUG:root:Database connection established.
INFO:root:Constructing parser
DEBUG:root:Constructing put subparser
DEBUG:root:Constructing get subparser
DEBUG:root:Constructing catalog subparser
DEBUG:root:Constructing like subparser
INFO:root:Retrieving all similar snippets: {!r}
DEBUG:root:Connecting to PostgreSQL
DEBUG:root:Database connection established.
INFO:root:Constructing parser
DEBUG:root:Constructing put subparser
DEBUG:root:Constructing get subparser
DEBUG:root:Constructing catalog subparser
DEBUG:root:Constructing like subparser
DEBUG:root:Connecting to PostgreSQL
DEBUG:root:Database connection established.
INFO:root:Constructing parser
DEBUG:root:Constructing put subparser
DEBUG:root:Constructing get subparser
DEBUG:root:Constructing catalog subparser
DEBUG:root:Constructing like subparser
INFO:root:Retrieving all similar snippets: {!r}
DEBUG:root:Snippets retrieved successfully.
DEBUG:root:Connecting to PostgreSQL
DEBUG:root:Database connection established.
INFO:root:Constructing parser
DEBUG:root:Constructing put subparser
DEBUG:root:Constructing get subparser
DEBUG:root:Constructing catalog subparser
DEBUG:root:Constructing like subparser
DEBUG:root:Connecting to PostgreSQL
DEBUG:root:Database connection established.
INFO:root:Constructing parser
DEBUG:root:Constructing put subparser
DEBUG:root:Constructing get subparser
DEBUG:root:Constructing catalog subparser
DEBUG:root:Constructing like subparser
INFO:root:Retrieving all similar snippets: {!r}
DEBUG:root:Snippets retrieved successfully.
DEBUG:root:Connecting to PostgreSQL
DEBUG:root:Database connection established.
INFO:root:Constructing parser
DEBUG:root:Constructing put subparser
DEBUG:root:Constructing get subparser
DEBUG:root:Constructing catalog subparser
DEBUG:root:Constructing like subparser
INFO:root:Retrieving all similar snippets: {!r}
DEBUG:root:Snippets retrieved successfully.
DEBUG:root:Connecting to PostgreSQL
DEBUG:root:Database connection established.
INFO:root:Constructing parser
DEBUG:root:Constructing put subparser
DEBUG:root:Constructing get subparser
DEBUG:root:Constructing catalog subparser
DEBUG:root:Constructing like subparser
INFO:root:Retrieving all similar snippets: {!r}
DEBUG:root:Snippets retrieved successfully.
DEBUG:root:Connecting to PostgreSQL
DEBUG:root:Database connection established.
INFO:root:Constructing parser
DEBUG:root:Constructing put subparser
DEBUG:root:Constructing get subparser
DEBUG:root:Constructing catalog subparser
DEBUG:root:Constructing like subparser
INFO:root:Retrieving all similar snippets: {!r}
DEBUG:root:Snippets retrieved successfully.
DEBUG:root:Connecting to PostgreSQL
DEBUG:root:Database connection established.
INFO:root:Constructing parser
DEBUG:root:Constructing put subparser
DEBUG:root:Constructing get subparser
DEBUG:root:Constructing catalog subparser
DEBUG:root:Constructing like subparser
DEBUG:root:Connecting to PostgreSQL
DEBUG:root:Database connection established.
INFO:root:Constructing parser
DEBUG:root:Constructing put subparser
DEBUG:root:Constructing get subparser
DEBUG:root:Constructing catalog subparser
DEBUG:root:Constructing like subparser
DEBUG:root:Connecting to PostgreSQL
DEBUG:root:Database connection established.
INFO:root:Constructing parser
DEBUG:root:Constructing put subparser
DEBUG:root:Constructing get subparser
DEBUG:root:Constructing catalog subparser
DEBUG:root:Constructing like subparser
DEBUG:root:Connecting to PostgreSQL
DEBUG:root:Database connection established.
INFO:root:Constructing parser
DEBUG:root:Constructing put subparser
DEBUG:root:Constructing get subparser
DEBUG:root:Constructing catalog subparser
DEBUG:root:Constructing like subparser
DEBUG:root:Connecting to PostgreSQL
DEBUG:root:Database connection established.
INFO:root:Constructing parser
DEBUG:root:Constructing put subparser
DEBUG:root:Constructing get subparser
DEBUG:root:Constructing catalog subparser
DEBUG:root:Constructing like subparser
DEBUG:root:Connecting to PostgreSQL
DEBUG:root:Database connection established.
INFO:root:Constructing parser
DEBUG:root:Constructing put subparser
DEBUG:root:Constructing get subparser
DEBUG:root:Constructing catalog subparser
DEBUG:root:Constructing like subparser
INFO:root:Retrieving all similar snippets: {!r}
DEBUG:root:Snippets retrieved successfully.
INFO:root:<type 'list'>
DEBUG:root:Connecting to PostgreSQL
DEBUG:root:Database connection established.
INFO:root:Constructing parser
DEBUG:root:Constructing put subparser
DEBUG:root:Constructing get subparser
DEBUG:root:Constructing catalog subparser
DEBUG:root:Constructing like subparser
INFO:root:Retrieving all similar snippets: {!r}
DEBUG:root:Snippets retrieved successfully.
INFO:root:<type 'list'>
DEBUG:root:Connecting to PostgreSQL
DEBUG:root:Database connection established.
INFO:root:Constructing parser
DEBUG:root:Constructing put subparser
DEBUG:root:Constructing get subparser
DEBUG:root:Constructing catalog subparser
DEBUG:root:Constructing like subparser
INFO:root:Retrieving all similar snippets: {!r}
DEBUG:root:Snippets retrieved successfully.
INFO:root:<type 'list'>
DEBUG:root:Connecting to PostgreSQL
DEBUG:root:Database connection established.
INFO:root:Constructing parser
DEBUG:root:Constructing put subparser
DEBUG:root:Constructing get subparser
DEBUG:root:Constructing catalog subparser
DEBUG:root:Constructing like subparser
DEBUG:root:Connecting to PostgreSQL
DEBUG:root:Database connection established.
INFO:root:Constructing parser
DEBUG:root:Constructing put subparser
DEBUG:root:Constructing get subparser
DEBUG:root:Constructing catalog subparser
DEBUG:root:Constructing like subparser
DEBUG:root:Connecting to PostgreSQL
DEBUG:root:Database connection established.
INFO:root:Constructing parser
DEBUG:root:Constructing put subparser
DEBUG:root:Constructing get subparser
DEBUG:root:Constructing catalog subparser
DEBUG:root:Constructing like subparser
INFO:root:Retrieving all similar snippets: {!r}
DEBUG:root:Connecting to PostgreSQL
DEBUG:root:Database connection established.
INFO:root:Constructing parser
DEBUG:root:Constructing put subparser
DEBUG:root:Constructing get subparser
DEBUG:root:Constructing catalog subparser
DEBUG:root:Constructing like subparser
INFO:root:Retrieving all similar snippets: {!r}
DEBUG:root:Snippets retrieved successfully.
INFO:root:<type 'list'>
DEBUG:root:Connecting to PostgreSQL
DEBUG:root:Database connection established.
INFO:root:Constructing parser
DEBUG:root:Constructing put subparser
DEBUG:root:Constructing get subparser
DEBUG:root:Constructing catalog subparser
DEBUG:root:Constructing like subparser
INFO:root:Retrieving all similar snippets: {!r}
DEBUG:root:Snippets retrieved successfully.
INFO:root:<type 'list'>
DEBUG:root:Connecting to PostgreSQL
DEBUG:root:Database connection established.
INFO:root:Constructing parser
DEBUG:root:Constructing put subparser
DEBUG:root:Constructing get subparser
DEBUG:root:Constructing catalog subparser
DEBUG:root:Constructing like subparser
INFO:root:Retrieving all similar snippets: {!r}
DEBUG:root:Connecting to PostgreSQL
DEBUG:root:Database connection established.
INFO:root:Constructing parser
DEBUG:root:Constructing put subparser
DEBUG:root:Constructing get subparser
DEBUG:root:Constructing catalog subparser
DEBUG:root:Constructing like subparser
INFO:root:Retrieving all similar snippets: {!r}
DEBUG:root:Connecting to PostgreSQL
DEBUG:root:Database connection established.
INFO:root:Constructing parser
DEBUG:root:Constructing put subparser
DEBUG:root:Constructing get subparser
DEBUG:root:Constructing catalog subparser
DEBUG:root:Constructing like subparser
INFO:root:Retrieving all similar snippets: {!r}
DEBUG:root:Snippets retrieved successfully.
INFO:root:<type 'list'>
DEBUG:root:Connecting to PostgreSQL
DEBUG:root:Database connection established.
INFO:root:Constructing parser
DEBUG:root:Constructing put subparser
DEBUG:root:Constructing get subparser
DEBUG:root:Constructing catalog subparser
DEBUG:root:Constructing like subparser
DEBUG:root:Connecting to PostgreSQL
DEBUG:root:Database connection established.
INFO:root:Constructing parser
DEBUG:root:Constructing put subparser
DEBUG:root:Constructing get subparser
DEBUG:root:Constructing catalog subparser
DEBUG:root:Constructing like subparser
INFO:root:Retrieving all similar snippets: {!r}
DEBUG:root:Connecting to PostgreSQL
DEBUG:root:Database connection established.
INFO:root:Constructing parser
DEBUG:root:Constructing put subparser
DEBUG:root:Constructing get subparser
DEBUG:root:Constructing catalog subparser
DEBUG:root:Constructing like subparser
DEBUG:root:Connecting to PostgreSQL
DEBUG:root:Database connection established.
INFO:root:Constructing parser
DEBUG:root:Constructing put subparser
DEBUG:root:Constructing get subparser
DEBUG:root:Constructing catalog subparser
DEBUG:root:Constructing like subparser
INFO:root:Retrieving all similar snippets: {!r}
DEBUG:root:Connecting to PostgreSQL
DEBUG:root:Database connection established.
INFO:root:Constructing parser
DEBUG:root:Constructing put subparser
DEBUG:root:Constructing get subparser
DEBUG:root:Constructing catalog subparser
DEBUG:root:Constructing like subparser
DEBUG:root:Connecting to PostgreSQL
DEBUG:root:Database connection established.
INFO:root:Constructing parser
DEBUG:root:Constructing put subparser
DEBUG:root:Constructing get subparser
DEBUG:root:Constructing catalog subparser
DEBUG:root:Constructing like subparser
INFO:root:Retrieving all similar snippets: {!r}
DEBUG:root:Connecting to PostgreSQL
DEBUG:root:Database connection established.
INFO:root:Constructing parser
DEBUG:root:Constructing put subparser
DEBUG:root:Constructing get subparser
DEBUG:root:Constructing catalog subparser
DEBUG:root:Constructing like subparser
DEBUG:root:Connecting to PostgreSQL
DEBUG:root:Database connection established.
INFO:root:Constructing parser
DEBUG:root:Constructing put subparser
DEBUG:root:Constructing get subparser
DEBUG:root:Constructing catalog subparser
DEBUG:root:Constructing like subparser
INFO:root:Retrieving all similar snippets: {!r}
DEBUG:root:Connecting to PostgreSQL
DEBUG:root:Database connection established.
INFO:root:Constructing parser
DEBUG:root:Constructing put subparser
DEBUG:root:Constructing get subparser
DEBUG:root:Constructing catalog subparser
DEBUG:root:Constructing like subparser
DEBUG:root:Connecting to PostgreSQL
DEBUG:root:Database connection established.
INFO:root:Constructing parser
DEBUG:root:Constructing put subparser
DEBUG:root:Constructing get subparser
DEBUG:root:Constructing catalog subparser
DEBUG:root:Constructing like subparser
INFO:root:Retrieving snippet 'hola'
DEBUG:root:Snippet retrieved successfully.
DEBUG:root:That keyword doesn't exist
DEBUG:root:Connecting to PostgreSQL
DEBUG:root:Database connection established.
INFO:root:Constructing parser
DEBUG:root:Constructing put subparser
DEBUG:root:Constructing get subparser
DEBUG:root:Constructing catalog subparser
DEBUG:root:Constructing like subparser
INFO:root:Retrieving snippet 'hello'
DEBUG:root:Snippet retrieved successfully.
DEBUG:root:Connecting to PostgreSQL
DEBUG:root:Database connection established.
INFO:root:Constructing parser
DEBUG:root:Constructing put subparser
DEBUG:root:Constructing get subparser
DEBUG:root:Constructing catalog subparser
DEBUG:root:Constructing like subparser
INFO:root:Retrieving all the keywords: {!r}
DEBUG:root:Snippet retrieved successfully.
DEBUG:root:Connecting to PostgreSQL
DEBUG:root:Database connection established.
INFO:root:Constructing parser
DEBUG:root:Constructing put subparser
DEBUG:root:Constructing get subparser
DEBUG:root:Constructing catalog subparser
DEBUG:root:Constructing like subparser
DEBUG:root:Connecting to PostgreSQL
DEBUG:root:Database connection established.
INFO:root:Constructing parser
DEBUG:root:Constructing put subparser
DEBUG:root:Constructing get subparser
DEBUG:root:Constructing catalog subparser
DEBUG:root:Constructing like subparser
DEBUG:root:Connecting to PostgreSQL
DEBUG:root:Database connection established.
INFO:root:Constructing parser
DEBUG:root:Constructing put subparser
DEBUG:root:Constructing get subparser
DEBUG:root:Constructing catalog subparser
DEBUG:root:Constructing like subparser
INFO:root:Retrieving all the keywords: {!r}
DEBUG:root:Snippet retrieved successfully.
DEBUG:root:Connecting to PostgreSQL
DEBUG:root:Database connection established.
INFO:root:Constructing parser
DEBUG:root:Constructing put subparser
DEBUG:root:Constructing get subparser
DEBUG:root:Constructing catalog subparser
DEBUG:root:Constructing like subparser
INFO:root:Retrieving all the keywords: {!r}
DEBUG:root:Snippet retrieved successfully.
DEBUG:root:Connecting to PostgreSQL
DEBUG:root:Database connection established.
INFO:root:Constructing parser
DEBUG:root:Constructing put subparser
DEBUG:root:Constructing get subparser
DEBUG:root:Constructing catalog subparser
DEBUG:root:Constructing like subparser
DEBUG:root:Connecting to PostgreSQL
DEBUG:root:Database connection established.
INFO:root:Constructing parser
DEBUG:root:Constructing put subparser
DEBUG:root:Constructing get subparser
DEBUG:root:Constructing catalog subparser
DEBUG:root:Constructing like subparser
INFO:root:Retrieving all the keywords: {!r}
DEBUG:root:Snippet retrieved successfully.
DEBUG:root:Connecting to PostgreSQL
DEBUG:root:Database connection established.
INFO:root:Constructing parser
DEBUG:root:Constructing put subparser
DEBUG:root:Constructing get subparser
DEBUG:root:Constructing catalog subparser
DEBUG:root:Constructing like subparser
DEBUG:root:Connecting to PostgreSQL
DEBUG:root:Database connection established.
INFO:root:Constructing parser
DEBUG:root:Constructing put subparser
DEBUG:root:Constructing get subparser
DEBUG:root:Constructing catalog subparser
DEBUG:root:Constructing like subparser
INFO:root:Retrieving all the keywords: {!r}
DEBUG:root:Snippet retrieved successfully.
DEBUG:root:Connecting to PostgreSQL
DEBUG:root:Database connection established.
INFO:root:Constructing parser
DEBUG:root:Constructing put subparser
DEBUG:root:Constructing get subparser
DEBUG:root:Constructing catalog subparser
DEBUG:root:Constructing like subparser
INFO:root:Retrieving all similar snippets: {!r}
DEBUG:root:Connecting to PostgreSQL
DEBUG:root:Database connection established.
INFO:root:Constructing parser
DEBUG:root:Constructing put subparser
DEBUG:root:Constructing get subparser
DEBUG:root:Constructing catalog subparser
DEBUG:root:Constructing like subparser
DEBUG:root:Connecting to PostgreSQL
DEBUG:root:Database connection established.
INFO:root:Constructing parser
DEBUG:root:Constructing put subparser
DEBUG:root:Constructing get subparser
DEBUG:root:Constructing catalog subparser
DEBUG:root:Constructing like subparser
INFO:root:Retrieving all similar snippets: {!r}
DEBUG:root:Snippets retrieved successfully.
INFO:root:<type 'list'>
DEBUG:root:Connecting to PostgreSQL
DEBUG:root:Database connection established.
INFO:root:Constructing parser
DEBUG:root:Constructing put subparser
DEBUG:root:Constructing get subparser
DEBUG:root:Constructing catalog subparser
DEBUG:root:Constructing like subparser
INFO:root:Retrieving all similar snippets: {!r}
DEBUG:root:Snippets retrieved successfully.
INFO:root:<type 'list'>
DEBUG:root:Connecting to PostgreSQL
DEBUG:root:Database connection established.
INFO:root:Constructing parser
DEBUG:root:Constructing put subparser
DEBUG:root:Constructing get subparser
DEBUG:root:Constructing catalog subparser
DEBUG:root:Constructing like subparser
DEBUG:root:Connecting to PostgreSQL
DEBUG:root:Database connection established.
INFO:root:Constructing parser
DEBUG:root:Constructing put subparser
DEBUG:root:Constructing get subparser
DEBUG:root:Constructing catalog subparser
DEBUG:root:Constructing like subparser
INFO:root:Retrieving all similar snippets: {!r}
DEBUG:root:Snippets retrieved successfully.
INFO:root:<type 'list'>
DEBUG:root:Connecting to PostgreSQL
DEBUG:root:Database connection established.
INFO:root:Constructing parser
DEBUG:root:Constructing put subparser
DEBUG:root:Constructing get subparser
DEBUG:root:Constructing catalog subparser
DEBUG:root:Constructing like subparser
INFO:root:Retrieving all similar snippets: {!r}
DEBUG:root:Snippets retrieved successfully.
INFO:root:<type 'list'>
DEBUG:root:Connecting to PostgreSQL
DEBUG:root:Database connection established.
INFO:root:Constructing parser
DEBUG:root:Constructing put subparser
DEBUG:root:Constructing get subparser
DEBUG:root:Constructing catalog subparser
DEBUG:root:Constructing like subparser
DEBUG:root:Connecting to PostgreSQL
DEBUG:root:Database connection established.
INFO:root:Constructing parser
DEBUG:root:Constructing put subparser
DEBUG:root:Constructing get subparser
DEBUG:root:Constructing catalog subparser
DEBUG:root:Constructing like subparser
INFO:root:Retrieving all similar snippets: {!r}
DEBUG:root:Snippets retrieved successfully.
INFO:root:<type 'list'>
DEBUG:root:Connecting to PostgreSQL
DEBUG:root:Database connection established.
INFO:root:Constructing parser
DEBUG:root:Constructing put subparser
DEBUG:root:Constructing get subparser
DEBUG:root:Constructing catalog subparser
DEBUG:root:Constructing like subparser
DEBUG:root:Connecting to PostgreSQL
DEBUG:root:Database connection established.
INFO:root:Constructing parser
DEBUG:root:Constructing put subparser
DEBUG:root:Constructing get subparser
DEBUG:root:Constructing catalog subparser
DEBUG:root:Constructing like subparser
INFO:root:Retrieving all similar snippets: {!r}
DEBUG:root:Snippets retrieved successfully.
INFO:root:<type 'str'>
DEBUG:root:Connecting to PostgreSQL
DEBUG:root:Database connection established.
INFO:root:Constructing parser
DEBUG:root:Constructing put subparser
DEBUG:root:Constructing get subparser
DEBUG:root:Constructing catalog subparser
DEBUG:root:Constructing like subparser
DEBUG:root:Connecting to PostgreSQL
DEBUG:root:Database connection established.
INFO:root:Constructing parser
DEBUG:root:Constructing put subparser
DEBUG:root:Constructing get subparser
DEBUG:root:Constructing catalog subparser
DEBUG:root:Constructing like subparser
INFO:root:Retrieving all similar snippets: {!r}
DEBUG:root:Snippets retrieved successfully.
INFO:root:<type 'list'>
DEBUG:root:Connecting to PostgreSQL
DEBUG:root:Database connection established.
INFO:root:Constructing parser
DEBUG:root:Constructing put subparser
DEBUG:root:Constructing get subparser
DEBUG:root:Constructing catalog subparser
DEBUG:root:Constructing like subparser
